<?xml version="1.0" encoding="UTF-8"?>
<!-- Generated by org.testng.reporters.JUnitReportReporter -->
<testsuite hostname="LAPTOP-SV3CMC9U" failures="0" tests="1" name="assignments.bikes_52.Ducati" time="26.834" errors="0" timestamp="2024-10-23T21:51:03 IST" skipped="0">
  <testcase classname="assignments.bikes_52.Ducati" name="launch" time="26.834"/>
  <system-out>
    <![CDATA[Ducati website launched successfully]]>
  </system-out>
</testsuite> <!-- assignments.bikes_52.Ducati -->
