<?xml version="1.0" encoding="UTF-8"?>
<!-- Generated by org.testng.reporters.JUnitReportReporter -->
<testsuite hostname="LAPTOP-SV3CMC9U" failures="0" tests="1" name="bikes.Kawasaki" time="17.484" errors="0" timestamp="2024-10-22T14:55:03 IST" skipped="0">
  <testcase classname="bikes.Kawasaki" name="launch" time="17.484"/>
  <system-out>
    <![CDATA[Kawasaki website launched successfully]]>
  </system-out>
</testsuite> <!-- bikes.Kawasaki -->
