<?xml version="1.0" encoding="UTF-8"?>
<!-- Generated by org.testng.reporters.JUnitReportReporter -->
<testsuite hostname="LAPTOP-SV3CMC9U" failures="0" tests="6" name="assignments.testng.A50_DependentOnDemoApp" time="38.239" errors="0" timestamp="2024-10-19T15:04:33 IST" skipped="0">
  <testcase classname="assignments.testng.A50_DependentOnDemoApp" name="createAccount" time="6.649"/>
  <system-out>
    <![CDATA[Account created successfully.]]>
  </system-out>
  <testcase classname="assignments.testng.A50_DependentOnDemoApp" name="deleteAccount" time="7.662"/>
  <system-out>
    <![CDATA[Account deleted successfully.]]>
  </system-out>
  <testcase classname="assignments.testng.A50_DependentOnDemoApp" name="createAccount" time="6.142"/>
  <system-out>
    <![CDATA[Account created successfully.]]>
  </system-out>
  <testcase classname="assignments.testng.A50_DependentOnDemoApp" name="deleteAccount" time="7.111"/>
  <system-out>
    <![CDATA[Account deleted successfully.]]>
  </system-out>
  <testcase classname="assignments.testng.A50_DependentOnDemoApp" name="editAccount" time="5.059"/>
  <system-out>
    <![CDATA[Account edited successfully.]]>
  </system-out>
  <testcase classname="assignments.testng.A50_DependentOnDemoApp" name="editAccount" time="5.616"/>
  <system-out>
    <![CDATA[Account edited successfully.]]>
  </system-out>
</testsuite> <!-- assignments.testng.A50_DependentOnDemoApp -->
