<?xml version="1.0" encoding="UTF-8"?>
<!-- Generated by org.testng.reporters.JUnitReportReporter -->
<testsuite hostname="LAPTOP-SV3CMC9U" failures="0" tests="1" name="bikes.Yamaha" time="22.398" errors="0" timestamp="2024-10-22T14:55:03 IST" skipped="0">
  <testcase classname="bikes.Yamaha" name="launch" time="22.398"/>
  <system-out>
    <![CDATA[Yamaha website launched successfully]]>
  </system-out>
</testsuite> <!-- bikes.Yamaha -->
