<?xml version="1.0" encoding="UTF-8"?>
<!-- Generated by org.testng.reporters.JUnitReportReporter -->
<testsuite hostname="LAPTOP-SV3CMC9U" failures="0" tests="5" name="testng.Sample" time="68.446" errors="0" timestamp="2024-10-19T09:29:06 IST" skipped="0">
  <testcase classname="testng.Sample" name="register" time="9.555"/>
  <system-out>
    <![CDATA[register is successfull]]>
  </system-out>
  <testcase classname="testng.Sample" name="login" time="16.668"/>
  <system-out>
    <![CDATA[login is successfull]]>
  </system-out>
  <testcase classname="testng.Sample" name="login" time="9.922"/>
  <system-out>
    <![CDATA[login is successfull]]>
  </system-out>
  <testcase classname="testng.Sample" name="login" time="15.942"/>
  <system-out>
    <![CDATA[login is successfull]]>
  </system-out>
  <testcase classname="testng.Sample" name="login" time="16.359"/>
  <system-out>
    <![CDATA[login is successfull]]>
  </system-out>
</testsuite> <!-- testng.Sample -->
