<?xml version="1.0" encoding="UTF-8"?>
<!-- Generated by org.testng.reporters.JUnitReportReporter -->
<testsuite hostname="LAPTOP-SV3CMC9U" failures="0" tests="1" name="assignments.A53.TestScript" time="7.286" errors="0" timestamp="2024-10-28T17:54:39 IST" skipped="0">
  <testcase classname="assignments.A53.TestScript" name="clickOnSalesLink" time="7.286"/>
  <system-out>
    <![CDATA[Sales Report history text is displayed]]>
  </system-out>
</testsuite> <!-- assignments.A53.TestScript -->
