<?xml version="1.0" encoding="UTF-8"?>
<!-- Generated by org.testng.reporters.JUnitReportReporter -->
<testsuite hostname="LAPTOP-SV3CMC9U" failures="0" tests="1" name="crossbrowsertesting.ToLearnCrossBrowserTesting" time="10.530" errors="0" timestamp="2024-10-28T09:26:41 IST" skipped="0">
  <testcase classname="crossbrowsertesting.ToLearnCrossBrowserTesting" name="launch" time="10.530"/>
  <system-out/>
</testsuite> <!-- crossbrowsertesting.ToLearnCrossBrowserTesting -->
