<?xml version="1.0" encoding="UTF-8"?>
<!-- Generated by org.testng.reporters.JUnitReportReporter -->
<testsuite hostname="LAPTOP-SV3CMC9U" failures="0" tests="1" name="cars.RangeRover" time="25.618" errors="0" timestamp="2024-10-22T09:45:12 IST" skipped="0">
  <testcase classname="cars.RangeRover" name="launch" time="25.618"/>
  <system-out>
    <![CDATA[RangeRover launched successfully.]]>
  </system-out>
</testsuite> <!-- cars.RangeRover -->
