<?xml version="1.0" encoding="UTF-8"?>
<!-- Generated by org.testng.reporters.JUnitReportReporter -->
<testsuite hostname="LAPTOP-SV3CMC9U" failures="0" tests="1" name="assertion.ToLearnHardAssert" time="14.055" errors="0" timestamp="2024-10-25T09:23:27 IST" skipped="0">
  <testcase classname="assertion.ToLearnHardAssert" name="login" time="14.055"/>
  <system-out>
    <![CDATA[Welcome page is displayed
Login page is displayed
Home page is not displayed]]>
  </system-out>
</testsuite> <!-- assertion.ToLearnHardAssert -->
