<?xml version="1.0" encoding="UTF-8"?>
<!-- Generated by org.testng.reporters.JUnitReportReporter -->
<testsuite hostname="LAPTOP-SV3CMC9U" failures="0" tests="1" name="bikes.Ktm" time="13.189" errors="0" timestamp="2024-10-22T14:55:03 IST" skipped="0">
  <testcase classname="bikes.Ktm" name="launch" time="13.189"/>
  <system-out>
    <![CDATA[KTM website launched successfully]]>
  </system-out>
</testsuite> <!-- bikes.Ktm -->
