<?xml version="1.0" encoding="UTF-8"?>
<!-- Generated by org.testng.reporters.JUnitReportReporter -->
<testsuite hostname="LAPTOP-SV3CMC9U" failures="0" tests="1" name="assignments.bikes_52.Honda" time="15.427" errors="0" timestamp="2024-10-23T21:54:06 IST" skipped="0">
  <testcase classname="assignments.bikes_52.Honda" name="launch" time="15.427"/>
  <system-out>
    <![CDATA[Honda website launched successfully]]>
  </system-out>
</testsuite> <!-- assignments.bikes_52.Honda -->
