<?xml version="1.0" encoding="UTF-8"?>
<!-- Generated by org.testng.reporters.JUnitReportReporter -->
<testsuite hostname="LAPTOP-SV3CMC9U" failures="0" tests="1" name="cars.MiniCooper" time="13.144" errors="0" timestamp="2024-10-23T08:39:23 IST" skipped="0">
  <testcase classname="cars.MiniCooper" name="launch" time="13.144"/>
  <system-out>
    <![CDATA[MINI Cooper launched successfully.]]>
  </system-out>
</testsuite> <!-- cars.MiniCooper -->
