<?xml version="1.0" encoding="UTF-8"?>
<!-- Generated by org.testng.reporters.JUnitReportReporter -->
<testsuite hostname="LAPTOP-SV3CMC9U" failures="0" tests="1" name="testng.TestScript" time="5.664" errors="0" timestamp="2024-10-24T18:42:18 IST" skipped="0">
  <testcase classname="testng.TestScript" name="clickOnBooks" time="5.664"/>
  <system-out>
    <![CDATA[Books page is displayed]]>
  </system-out>
</testsuite> <!-- testng.TestScript -->
