<?xml version="1.0" encoding="UTF-8"?>
<!-- Generated by org.testng.reporters.JUnitReportReporter -->
<testsuite hostname="LAPTOP-SV3CMC9U" failures="0" tests="1" name="assignments.testng.A49_Demoapp_Skillrary" time="9.307" errors="0" timestamp="2024-10-18T13:33:02 IST" skipped="0">
  <testcase classname="assignments.testng.A49_Demoapp_Skillrary" name="testLogin" time="9.307"/>
  <system-out>
    <![CDATA[SkillRary Ecommerce]]>
  </system-out>
</testsuite> <!-- assignments.testng.A49_Demoapp_Skillrary -->
