<?xml version="1.0" encoding="UTF-8"?>
<!-- Generated by org.testng.reporters.JUnitReportReporter -->
<testsuite hostname="LAPTOP-SV3CMC9U" failures="0" tests="1" name="cars.Ferrari" time="50.030" errors="0" timestamp="2024-10-23T08:39:23 IST" skipped="0">
  <testcase classname="cars.Ferrari" name="launch" time="50.030"/>
  <system-out>
    <![CDATA[Ferrari launched successfully.]]>
  </system-out>
</testsuite> <!-- cars.Ferrari -->
