<?xml version="1.0" encoding="UTF-8"?>
<!-- Generated by org.testng.reporters.JUnitReportReporter -->
<testsuite hostname="LAPTOP-SV3CMC9U" failures="0" tests="1" name="assignments.bikes_52.Yamaha" time="16.668" errors="0" timestamp="2024-10-23T21:51:03 IST" skipped="0">
  <testcase classname="assignments.bikes_52.Yamaha" name="launch" time="16.668"/>
  <system-out>
    <![CDATA[Yamaha website launched successfully]]>
  </system-out>
</testsuite> <!-- assignments.bikes_52.Yamaha -->
